<?xml version="1.0" encoding="UTF-8"?>
<testng-results skipped="0" failed="0" ignored="0" total="1" passed="1">
  <reporter-output>
  </reporter-output>
  <suite name="Suite" duration-ms="41299" started-at="2019-02-23T17:21:31Z" finished-at="2019-02-23T17:22:13Z">
    <groups>
    </groups>
    <test name="Test" duration-ms="41299" started-at="2019-02-23T17:21:31Z" finished-at="2019-02-23T17:22:13Z">
      <class name="com.automation.org.studyAutomation.StudyClass">
        <test-method status="PASS" signature="middle(java.lang.String)[pri:0, instance:com.automation.org.studyAutomation.StudyClass@77cd7a0]" name="middle" is-config="true" duration-ms="35951" started-at="2019-02-23T17:21:31Z" finished-at="2019-02-23T17:22:07Z">
          <params>
            <param index="0">
              <value>
                <![CDATA[chrome]]>
              </value>
            </param>
          </params>
          <reporter-output>
          </reporter-output>
        </test-method> <!-- middle -->
        <test-method status="PASS" signature="start()[pri:0, instance:com.automation.org.studyAutomation.StudyClass@77cd7a0]" name="start" duration-ms="4146" started-at="2019-02-23T17:22:07Z" finished-at="2019-02-23T17:22:11Z">
          <reporter-output>
          </reporter-output>
        </test-method> <!-- start -->
        <test-method status="PASS" signature="end()[pri:0, instance:com.automation.org.studyAutomation.StudyClass@77cd7a0]" name="end" is-config="true" duration-ms="1148" started-at="2019-02-23T17:22:11Z" finished-at="2019-02-23T17:22:13Z">
          <reporter-output>
          </reporter-output>
        </test-method> <!-- end -->
        <test-method status="PASS" signature="aftersuite()[pri:0, instance:com.automation.org.studyAutomation.StudyClass@77cd7a0]" name="aftersuite" is-config="true" duration-ms="924" started-at="2019-02-23T17:22:13Z" finished-at="2019-02-23T17:22:14Z">
          <reporter-output>
          </reporter-output>
        </test-method> <!-- aftersuite -->
      </class> <!-- com.automation.org.studyAutomation.StudyClass -->
    </test> <!-- Test -->
  </suite> <!-- Suite -->
</testng-results>
